<?xml version="1.0" encoding="UTF-8"?>
<!-- Generated by org.testng.reporters.JUnitXMLReporter -->
<testsuite hostname="IN-IT1483" ignored="0" name="Default test" tests="3" failures="0" timestamp="02 Aug 2019 10:30:26 GMT" time="35.04" errors="0">
  <testcase name="Login" time="17.355" classname="com.project.GitJenkins.seleniumGitJenkins.AmazonShoppe"/>
  <testcase name="addItems" time="1.4" classname="com.project.GitJenkins.seleniumGitJenkins.AmazonShoppe"/>
  <testcase name="getMenuNames" time="0.016" classname="com.project.GitJenkins.seleniumGitJenkins.AmazonShoppe"/>
</testsuite> <!-- Default test -->
